C:\Program Files (x86)\MSBuild\Microsoft.Cpp\v4.0\V140\Microsoft.CppBuild.targets(392,5): warning MSB8028: The intermediate directory (Debug\) contains files shared from another project (Vectors.vcxproj).  This can lead to incorrect clean and rebuild behavior.
  Vector4.cpp
  Vector3.cpp
  Vector2.cpp
  Matrixs2.cpp
c:\users\s178029\documents\github\mathforgames\matrixs2.cpp(17): warning C4244: 'initializing': conversion from 'double' to 'float', possible loss of data
  Matrix4.cpp
c:\users\s178029\documents\github\mathforgames\matrix4.cpp(22): warning C4244: 'initializing': conversion from 'double' to 'float', possible loss of data
c:\users\s178029\documents\github\mathforgames\matrix4.cpp(28): warning C4244: 'initializing': conversion from 'double' to 'float', possible loss of data
c:\users\s178029\documents\github\mathforgames\matrix4.cpp(29): warning C4244: 'argument': conversion from 'float' to 'int', possible loss of data
c:\users\s178029\documents\github\mathforgames\matrix4.cpp(34): warning C4244: 'initializing': conversion from 'double' to 'float', possible loss of data
c:\users\s178029\documents\github\mathforgames\matrix4.cpp(35): warning C4244: 'argument': conversion from 'float' to 'int', possible loss of data
  Matrix3.cpp
c:\users\s178029\documents\github\mathforgames\matrix3.cpp(18): warning C4244: 'initializing': conversion from 'double' to 'float', possible loss of data
c:\users\s178029\documents\github\mathforgames\matrix3.cpp(24): warning C4244: 'initializing': conversion from 'double' to 'float', possible loss of data
c:\users\s178029\documents\github\mathforgames\matrix3.cpp(25): warning C4244: 'argument': conversion from 'float' to 'int', possible loss of data
c:\users\s178029\documents\github\mathforgames\matrix3.cpp(30): warning C4244: 'initializing': conversion from 'double' to 'float', possible loss of data
c:\users\s178029\documents\github\mathforgames\matrix3.cpp(31): warning C4244: 'argument': conversion from 'float' to 'int', possible loss of data
  main.cpp
  Generating Code...
  Vector3 Class.vcxproj -> C:\Users\s178029\Documents\GitHub\MathForGames\Debug\Vectors Class.lib
