c:\users\s178029\documents\github\mathforgames\debug\vectors class.pdb
c:\users\s178029\documents\github\mathforgames\debug\vectors class.idb
c:\users\s178029\documents\github\mathforgames\debug\main.obj
c:\users\s178029\documents\github\mathforgames\debug\matrix3.obj
c:\users\s178029\documents\github\mathforgames\debug\matrix4.obj
c:\users\s178029\documents\github\mathforgames\debug\matrixs2.obj
c:\users\s178029\documents\github\mathforgames\debug\vector2.obj
c:\users\s178029\documents\github\mathforgames\debug\vector3.obj
c:\users\s178029\documents\github\mathforgames\debug\vector4.obj
c:\users\s178029\documents\github\mathforgames\debug\vc140.pdb
c:\users\s178029\documents\github\mathforgames\debug\vc140.idb
c:\users\s178029\documents\github\mathforgames\debug\vectors class.lib
c:\users\s178029\documents\github\mathforgames\debug\vectors class.ilk
c:\users\s178029\documents\github\mathforgames\debug\vectors class.exe
c:\users\s178029\documents\github\mathforgames\debug\lnk{9d128b43-9393-4ac1-a38f-23a64088b2b2}.tmp
c:\users\s178029\documents\github\mathforgames\debug\vectors class.tlog\cl.command.1.tlog
c:\users\s178029\documents\github\mathforgames\debug\vectors class.tlog\cl.read.1.tlog
c:\users\s178029\documents\github\mathforgames\debug\vectors class.tlog\cl.write.1.tlog
c:\users\s178029\documents\github\mathforgames\debug\vectors class.tlog\lib-link.read.1.tlog
c:\users\s178029\documents\github\mathforgames\debug\vectors class.tlog\lib-link.write.1.tlog
c:\users\s178029\documents\github\mathforgames\debug\vectors class.tlog\lib.command.1.tlog
c:\users\s178029\documents\github\mathforgames\debug\vectors class.tlog\link.command.1.tlog
c:\users\s178029\documents\github\mathforgames\debug\vectors class.tlog\link.delete.1.tlog
c:\users\s178029\documents\github\mathforgames\debug\vectors class.tlog\link.read.1.tlog
c:\users\s178029\documents\github\mathforgames\debug\vectors class.tlog\link.write.1.tlog
c:\users\s178029\documents\github\mathforgames\debug\vectors class.tlog\vectors class.write.1u.tlog
